
[CRADLECORE CONTAINER] [07/05/2013 23:04:53]===================================================
[CRADLECORE CONTAINER] [07/05/2013 23:04:53] Instantiating container...
[CRADLECORE CONTAINER] [07/05/2013 23:04:53] [ERROR] DBConnection.php is not a valid [CLASS FILE]
[CRADLECORE CONTAINER] [07/05/2013 23:04:53]DBConnection is not a valid [CLASS] [ERROR]
[CRADLECORE CONTAINER] [07/05/2013 23:04:53] [ERROR] PersonDao.php is not a valid [CLASS FILE]
[CRADLECORE CONTAINER] [07/05/2013 23:04:53]PersonDao is not a valid [CLASS] [ERROR]
[CRADLECORE CONTAINER] [07/05/2013 23:04:53] [ERROR] ItemDao.php is not a valid [CLASS FILE]
[CRADLECORE CONTAINER] [07/05/2013 23:04:53]ItemDao is not a valid [CLASS] [ERROR]
[CRADLECORE CONTAINER] [07/05/2013 23:04:53] object in cache not found...
[CRADLECORE CONTAINER] [07/05/2013 23:04:53] >> [ERROR] Object [personDAO] does not exists
[CRADLECORE CONTAINER] [07/05/2013 23:05:22]===================================================
[CRADLECORE CONTAINER] [07/05/2013 23:05:22] Instantiating container...
[CRADLECORE CONTAINER] [07/05/2013 23:05:22] [ERROR] DBConnection.php is not a valid [CLASS FILE]
[CRADLECORE CONTAINER] [07/05/2013 23:05:22]DBConnection is not a valid [CLASS] [ERROR]
[CRADLECORE CONTAINER] [07/05/2013 23:05:22] [ERROR] PersonDao.php is not a valid [CLASS FILE]
[CRADLECORE CONTAINER] [07/05/2013 23:05:22]PersonDao is not a valid [CLASS] [ERROR]
[CRADLECORE CONTAINER] [07/05/2013 23:05:22] [ERROR] ItemDao.php is not a valid [CLASS FILE]
[CRADLECORE CONTAINER] [07/05/2013 23:05:22]ItemDao is not a valid [CLASS] [ERROR]
[CRADLECORE CONTAINER] [07/05/2013 23:05:22] object in cache not found...
[CRADLECORE CONTAINER] [07/05/2013 23:05:22] >> [ERROR] Object [personDAO] does not exists
[CRADLECORE CONTAINER] [07/05/2013 23:06:09]===================================================
[CRADLECORE CONTAINER] [07/05/2013 23:06:09] Instantiating container...
[CRADLECORE CONTAINER] [07/05/2013 23:06:09] Object [connection] type [../DBConnection] instanced
[CRADLECORE CONTAINER] [07/05/2013 23:06:09] [ERROR] PersonDao.php is not a valid [CLASS FILE]
[CRADLECORE CONTAINER] [07/05/2013 23:06:09]PersonDao is not a valid [CLASS] [ERROR]
[CRADLECORE CONTAINER] [07/05/2013 23:06:09] [ERROR] ItemDao.php is not a valid [CLASS FILE]
[CRADLECORE CONTAINER] [07/05/2013 23:06:09]ItemDao is not a valid [CLASS] [ERROR]
[CRADLECORE CONTAINER] [07/05/2013 23:06:09] object in cache not found...
[CRADLECORE CONTAINER] [07/05/2013 23:06:09] >> [ERROR] Object [personDAO] does not exists
[CRADLECORE CONTAINER] [07/05/2013 23:06:57]===================================================
[CRADLECORE CONTAINER] [07/05/2013 23:06:57] Container was previously configurated...
[CRADLECORE CONTAINER] [07/05/2013 23:06:57] [ERROR] ItemDao.php is not a valid [CLASS FILE]
[CRADLECORE CONTAINER] [07/05/2013 23:06:57] object in cache not found...
[CRADLECORE CONTAINER] [07/05/2013 23:06:57] >> [ERROR] Object [personDAO] does not exists
[CRADLECORE CONTAINER] [07/05/2013 23:07:00]===================================================
[CRADLECORE CONTAINER] [07/05/2013 23:07:00] Container was previously configurated...
[CRADLECORE CONTAINER] [07/05/2013 23:07:00] [ERROR] ItemDao.php is not a valid [CLASS FILE]
[CRADLECORE CONTAINER] [07/05/2013 23:07:00] object in cache not found...
[CRADLECORE CONTAINER] [07/05/2013 23:07:00] >> [ERROR] Object [personDAO] does not exists
[CRADLECORE CONTAINER] [07/05/2013 23:07:23]===================================================
[CRADLECORE CONTAINER] [07/05/2013 23:07:23] Container was previously configurated...
[CRADLECORE CONTAINER] [07/05/2013 23:07:23] object in cache not found...
[CRADLECORE CONTAINER] [07/05/2013 23:07:23] >> [ERROR] Object [personDAO] does not exists
[CRADLECORE CONTAINER] [07/05/2013 23:08:12]===================================================
[CRADLECORE CONTAINER] [07/05/2013 23:08:12] Container was previously configurated...
[CRADLECORE CONTAINER] [07/05/2013 23:08:12] object in cache not found...
[CRADLECORE CONTAINER] [07/05/2013 23:08:12] >> [ERROR] Object [personDAO] does not exists
[CRADLECORE CONTAINER] [07/05/2013 23:08:56]===================================================
[CRADLECORE CONTAINER] [07/05/2013 23:08:56] Container was previously configurated...
[CRADLECORE CONTAINER] [07/05/2013 23:08:56] object in cache not found...
[CRADLECORE CONTAINER] [07/05/2013 23:08:56] >> [ERROR] Object [personDAO] does not exists
[CRADLECORE CONTAINER] [07/05/2013 23:09:07]===================================================
[CRADLECORE CONTAINER] [07/05/2013 23:09:07] Instantiating container...
[CRADLECORE CONTAINER] [07/05/2013 23:09:07] Object [connection] type [../DBConnection] instanced
[CRADLECORE CONTAINER] [07/05/2013 23:09:07] Object [personDAO] type [../PersonDao] instanced
[CRADLECORE CONTAINER] [07/05/2013 23:09:07] object in cache not found...
[CRADLECORE CONTAINER] [07/05/2013 23:09:07] object in cache not found...
[CRADLECORE CONTAINER] [07/05/2013 23:09:07] .... property set [connectionDb]
[CRADLECORE CONTAINER] [07/05/2013 23:09:07] object in cache not found...
[CRADLECORE CONTAINER] [07/05/2013 23:09:07] .... property set [name]
[CRADLECORE CONTAINER] [07/05/2013 23:09:07] object in cache not found...
[CRADLECORE CONTAINER] [07/05/2013 23:09:07] Object [itemDao] type [../ItemDao] instanced
[CRADLECORE CONTAINER] [07/05/2013 23:09:07] object in cache not found...
[CRADLECORE CONTAINER] [07/05/2013 23:09:07] >> Object [personDAO] retrieved
[CRADLECORE CONTAINER] [07/05/2013 23:09:07] object in cache not found...
[CRADLECORE CONTAINER] [07/05/2013 23:09:07] >> Object [connection] retrieved
[CRADLECORE CONTAINER] [07/05/2013 23:09:07] object in cache not found...
[CRADLECORE CONTAINER] [07/05/2013 23:09:07] >> Object [itemDao] retrieved
[CRADLECORE CONTAINER] [07/05/2013 23:10:29]===================================================
[CRADLECORE CONTAINER] [07/05/2013 23:10:29] Instantiating container...
[CRADLECORE CONTAINER] [07/05/2013 23:10:29] Object [connection] type [../DBConnection] instanced
[CRADLECORE CONTAINER] [07/05/2013 23:10:29] Object [personDAO] type [../PersonDao] instanced
[CRADLECORE CONTAINER] [07/05/2013 23:10:29] object in cache not found...
[CRADLECORE CONTAINER] [07/05/2013 23:10:29] object in cache not found...
[CRADLECORE CONTAINER] [07/05/2013 23:10:29] .... property set [connectionDb]
[CRADLECORE CONTAINER] [07/05/2013 23:10:29] object in cache not found...
[CRADLECORE CONTAINER] [07/05/2013 23:10:29] .... property set [name]
[CRADLECORE CONTAINER] [07/05/2013 23:10:29] object in cache not found...
[CRADLECORE CONTAINER] [07/05/2013 23:10:29] Object [itemDao] type [../ItemDao] instanced
[CRADLECORE CONTAINER] [07/05/2013 23:10:29] object in cache not found...
[CRADLECORE CONTAINER] [07/05/2013 23:10:29] >> Object [personDAO] retrieved
[CRADLECORE CONTAINER] [07/05/2013 23:10:29] object in cache not found...
[CRADLECORE CONTAINER] [07/05/2013 23:10:29] >> Object [connection] retrieved
[CRADLECORE CONTAINER] [07/05/2013 23:10:29] object in cache not found...
[CRADLECORE CONTAINER] [07/05/2013 23:10:29] >> Object [itemDao] retrieved
[CRADLECORE CONTAINER] [07/05/2013 23:17:23]===================================================
[CRADLECORE CONTAINER] [07/05/2013 23:17:23] Instantiating container...
[CRADLECORE CONTAINER] [07/05/2013 23:17:23] Object [connection] type [../DBConnection] instanced
[CRADLECORE CONTAINER] [07/05/2013 23:17:23] Object [personDAO] type [../PersonDao] instanced
[CRADLECORE CONTAINER] [07/05/2013 23:17:23] object in cache not found...
[CRADLECORE CONTAINER] [07/05/2013 23:17:23] object in cache not found...
[CRADLECORE CONTAINER] [07/05/2013 23:17:23] .... property set [connectionDb]
[CRADLECORE CONTAINER] [07/05/2013 23:17:23] object in cache not found...
[CRADLECORE CONTAINER] [07/05/2013 23:17:23] .... property set [name]
[CRADLECORE CONTAINER] [07/05/2013 23:17:23] object in cache not found...
[CRADLECORE CONTAINER] [07/05/2013 23:17:23] Object [itemDao] type [../ItemDao] instanced
[CRADLECORE CONTAINER] [07/05/2013 23:17:23] object in cache not found...
[CRADLECORE CONTAINER] [07/05/2013 23:17:23] >> Object [personDAO] retrieved
[CRADLECORE CONTAINER] [07/05/2013 23:17:23] object in cache not found...
[CRADLECORE CONTAINER] [07/05/2013 23:17:23] >> Object [connection] retrieved
[CRADLECORE CONTAINER] [07/05/2013 23:17:23] object in cache not found...
[CRADLECORE CONTAINER] [07/05/2013 23:17:23] >> Object [itemDao] retrieved
[CRADLECORE CONTAINER] [07/05/2013 23:17:25]===================================================
[CRADLECORE CONTAINER] [07/05/2013 23:17:25] Instantiating container...
[CRADLECORE CONTAINER] [07/05/2013 23:17:25] Object [connection] type [../DBConnection] instanced
[CRADLECORE CONTAINER] [07/05/2013 23:17:25] Object [personDAO] type [../PersonDao] instanced
[CRADLECORE CONTAINER] [07/05/2013 23:17:25] object in cache not found...
[CRADLECORE CONTAINER] [07/05/2013 23:17:25] object in cache not found...
[CRADLECORE CONTAINER] [07/05/2013 23:17:25] .... property set [connectionDb]
[CRADLECORE CONTAINER] [07/05/2013 23:17:25] object in cache not found...
[CRADLECORE CONTAINER] [07/05/2013 23:17:25] .... property set [name]
[CRADLECORE CONTAINER] [07/05/2013 23:17:25] object in cache not found...
[CRADLECORE CONTAINER] [07/05/2013 23:17:25] Object [itemDao] type [../ItemDao] instanced
[CRADLECORE CONTAINER] [07/05/2013 23:17:25] object in cache not found...
[CRADLECORE CONTAINER] [07/05/2013 23:17:25] >> Object [personDAO] retrieved
[CRADLECORE CONTAINER] [07/05/2013 23:17:25] object in cache not found...
[CRADLECORE CONTAINER] [07/05/2013 23:17:25] >> Object [connection] retrieved
[CRADLECORE CONTAINER] [07/05/2013 23:17:25] object in cache not found...
[CRADLECORE CONTAINER] [07/05/2013 23:17:25] >> Object [itemDao] retrieved
[CRADLECORE CONTAINER] [07/05/2013 23:17:28]===================================================
[CRADLECORE CONTAINER] [07/05/2013 23:17:28] Instantiating container...
[CRADLECORE CONTAINER] [07/05/2013 23:17:28] Object [connection] type [../DBConnection] instanced
[CRADLECORE CONTAINER] [07/05/2013 23:17:28] Object [personDAO] type [../PersonDao] instanced
[CRADLECORE CONTAINER] [07/05/2013 23:17:28] object in cache not found...
[CRADLECORE CONTAINER] [07/05/2013 23:17:28] object in cache not found...
[CRADLECORE CONTAINER] [07/05/2013 23:17:28] .... property set [connectionDb]
[CRADLECORE CONTAINER] [07/05/2013 23:17:28] object in cache not found...
[CRADLECORE CONTAINER] [07/05/2013 23:17:28] .... property set [name]
[CRADLECORE CONTAINER] [07/05/2013 23:17:28] object in cache not found...
[CRADLECORE CONTAINER] [07/05/2013 23:17:28] Object [itemDao] type [../ItemDao] instanced
[CRADLECORE CONTAINER] [07/05/2013 23:17:28] object in cache not found...
[CRADLECORE CONTAINER] [07/05/2013 23:17:28] >> Object [personDAO] retrieved
[CRADLECORE CONTAINER] [07/05/2013 23:17:28] object in cache not found...
[CRADLECORE CONTAINER] [07/05/2013 23:17:28] >> Object [connection] retrieved
[CRADLECORE CONTAINER] [07/05/2013 23:17:28] object in cache not found...
[CRADLECORE CONTAINER] [07/05/2013 23:17:28] >> Object [itemDao] retrieved